nohup: ignoring input
[0mGET / [32m200 [0m8.169 ms - 676[0m
[0mGET /favicon.ico [33m404 [0m7.097 ms - 1146[0m
[0mGET / [32m200 [0m1.107 ms - 676[0m
[0mGET /favicon.ico [33m404 [0m1.229 ms - 1146[0m
[0mGET /owl.html [33m404 [0m0.698 ms - 1146[0m
[0mGET / [32m200 [0m0.675 ms - 676[0m
[0mGET / [32m200 [0m0.548 ms - 676[0m
[0mGET /favicon.ico [33m404 [0m0.704 ms - 1146[0m
[0mGET /getcity?q=Provo [32m200 [0m1.871 ms - 18[0m
[0mGET /owl [32m200 [0m0.684 ms - 985[0m
https://owlbot.info/api/v1/dictionary/cat?format=json
[0mGET /dictionary?q=cat [32m200 [0m215.726 ms - -[0m
[0mGET / [32m200 [0m0.681 ms - 676[0m
[0mGET /favicon.ico [33m404 [0m0.822 ms - 1146[0m
[0mGET /getcity?q=p [32m200 [0m0.777 ms - 2[0m
[0mGET /getcity?q=p [36m304 [0m0.883 ms - -[0m
[0mGET /getcity?q= [32m200 [0m0.740 ms - 5068[0m
[0mGET /getcity?q=p [36m304 [0m0.589 ms - -[0m
[0mGET /getcity?q=p [36m304 [0m0.555 ms - -[0m
[0mGET /getcity?q=pR [32m200 [0m0.588 ms - 2[0m
[0mGET /getcity?q=pRO [32m200 [0m0.588 ms - 2[0m
[0mGET /getcity?q=pROVO [32m200 [0m0.583 ms - 2[0m
[0mGET /getcity?q=pROVO [36m304 [0m0.546 ms - -[0m
[0mGET /getcity?q=pROV [32m200 [0m0.583 ms - 2[0m
[0mGET /getcity?q=pRO [36m304 [0m0.590 ms - -[0m
[0mGET /getcity?q=pR [36m304 [0m16.978 ms - -[0m
[0mGET /getcity?q=p [36m304 [0m0.927 ms - -[0m
[0mGET /getcity?q= [36m304 [0m0.972 ms - -[0m
[0mGET /getcity?q= [36m304 [0m0.845 ms - -[0m
[0mGET /getcity?q=P [32m200 [0m0.656 ms - 304[0m
[0mGET /getcity?q=P [36m304 [0m0.623 ms - -[0m
[0mGET /getcity?q=Pr [32m200 [0m0.624 ms - 57[0m
[0mGET /getcity?q=Pro [32m200 [0m0.599 ms - 40[0m
[0mGET /getcity?q= [36m304 [0m0.727 ms - -[0m
[0mGET / [32m200 [0m1.135 ms - 676[0m
[0mGET /favicon.ico [33m404 [0m1.279 ms - 1146[0m
[0mGET /getcity?q=a [32m200 [0m0.846 ms - 2[0m
[0mGET /getcity?q=al [32m200 [0m0.671 ms - 2[0m
[0mGET /getcity?q=alp [32m200 [0m0.673 ms - 2[0m
[0mGET /getcity?q=alpin [32m200 [0m0.640 ms - 2[0m
[0mGET /getcity?q=alpin [36m304 [0m0.665 ms - -[0m
[0mGET /getcity?q=alpine [32m200 [0m0.653 ms - 2[0m
[0mGET /getcity?q= [32m200 [0m0.732 ms - 5068[0m
[0mGET /getcity?q=a [36m304 [0m0.619 ms - -[0m
[0mGET /getcity?q=al [36m304 [0m0.665 ms - -[0m
[0mGET /getcity?q=alp [36m304 [0m0.581 ms - -[0m
[0mGET /getcity?q=alpin [36m304 [0m0.592 ms - -[0m
[0mGET /getcity?q=alpin [36m304 [0m0.594 ms - -[0m
[0mGET /getcity?q=alpine [36m304 [0m0.593 ms - -[0m
[0mGET /getcity?q= [36m304 [0m0.708 ms - -[0m
[0mGET /getcity?q=A [32m200 [0m1.152 ms - 194[0m
[0mGET /getcity?q=A [36m304 [0m0.585 ms - -[0m
[0mGET /getcity?q=Al [32m200 [0m0.614 ms - 75[0m
[0mGET /getcity?q=Alp [32m200 [0m0.633 ms - 19[0m
[0mGET /getcity?q=Alpin [32m200 [0m0.617 ms - 19[0m
[0mGET /getcity?q=Alpine [32m200 [0m0.612 ms - 19[0m
[0mGET /getcity?q=Alpine [36m304 [0m0.591 ms - -[0m
[0mGET / [32m200 [0m0.773 ms - 676[0m
[0mGET /favicon.ico [33m404 [0m1.053 ms - 1146[0m
[0mGET / [32m200 [0m0.634 ms - 676[0m
